#
# There is insufficient memory for the Java Runtime Environment to continue.
# Native memory allocation (malloc) failed to allocate 1048576 bytes for AllocateHeap
# Possible reasons:
#   The system is out of physical RAM or swap space
#   The process is running with CompressedOops enabled, and the Java Heap may be blocking the growth of the native heap
# Possible solutions:
#   Reduce memory load on the system
#   Increase physical memory or swap space
#   Check if swap backing store is full
#   Decrease Java heap size (-Xmx/-Xms)
#   Decrease number of Java threads
#   Decrease Java thread stack sizes (-Xss)
#   Set larger code cache with -XX:ReservedCodeCacheSize=
#   JVM is running with Unscaled Compressed Oops mode in which the Java heap is
#     placed in the first 4GB address space. The Java Heap base address is the
#     maximum limit for the native heap growth. Please use -XX:HeapBaseMinAddress
#     to set the Java Heap base and to place the Java Heap above 4GB virtual address.
# This output file may be truncated or incomplete.
#
#  Out of Memory Error (memory/allocation.inline.hpp:61), pid=23132, tid=0x0000000000005ad0
#
# JRE version:  (8.0_212-b10) (build )
# Java VM: Java HotSpot(TM) 64-Bit Server VM (25.212-b10 mixed mode windows-amd64 compressed oops)
# Failed to write core dump. Minidumps are not enabled by default on client versions of Windows
#

---------------  T H R E A D  ---------------

Current thread (0x00000000023af000):  JavaThread "Unknown thread" [_thread_in_vm, id=23248, stack(0x0000000002640000,0x0000000002740000)]

Stack: [0x0000000002640000,0x0000000002740000]
[error occurred during error reporting (printing stack bounds), id 0xc0000005]

Native frames: (J=compiled Java code, j=interpreted, Vv=VM code, C=native code)


---------------  P R O C E S S  ---------------

Java Threads: ( => current thread )

Other Threads:

=>0x00000000023af000 (exited) JavaThread "Unknown thread" [_thread_in_vm, id=23248, stack(0x0000000002640000,0x0000000002740000)]

VM state:not at safepoint (normal execution)

VM Mutex/Monitor currently owned by a thread: None

heap address: 0x0000000081200000, size: 2030 MB, Compressed Oops mode: 32-bit
Narrow klass base: 0x0000000000000000, Narrow klass shift: 0
Compressed class space size: 1073741824 Address: 0x0000000016bc0000

Heap:
 PSYoungGen      total 38400K, used 665K [0x00000000d5b80000, 0x00000000d8600000, 0x0000000100000000)
  eden space 33280K, 2% used [0x00000000d5b80000,0x00000000d5c26670,0x00000000d7c00000)
  from space 5120K, 0% used [0x00000000d8100000,0x00000000d8100000,0x00000000d8600000)
  to   space 5120K, 0% used [0x00000000d7c00000,0x00000000d7c00000,0x00000000d8100000)
 ParOldGen       total 87552K, used 0K [0x0000000081200000, 0x0000000086780000, 0x00000000d5b80000)
  object space 87552K, 0% used [0x0000000081200000,0x0000000081200000,0x0000000086780000)
 Metaspace       used 751K, capacity 4480K, committed 4480K, reserved 1056768K
  class space    used 76K, capacity 384K, committed 384K, reserved 1048576K

Card table byte_map: [0x0000000011b00000,0x0000000011f00000] byte_map_base: 0x00000000116f7000

Marking Bits: (ParMarkBitMap*) 0x000000006f625ce0
 Begin Bits: [0x0000000012850000, 0x0000000014808000)
 End Bits:   [0x0000000014808000, 0x00000000167c0000)

Polling page: 0x0000000000220000

CodeCache: size=245760Kb used=328Kb max_used=328Kb free=245431Kb
 bounds [0x0000000002740000, 0x00000000029b0000, 0x0000000011740000]
 total_blobs=58 nmethods=0 adapters=38
 compilation: enabled

Compilation events (0 events):
No events

GC Heap History (0 events):
No events

Deoptimization events (0 events):
No events

Classes redefined (0 events):
No events

Internal exceptions (0 events):
No events

Events (10 events):
Event: 0.017 loading class java/lang/Short
Event: 0.017 loading class java/lang/Short done
Event: 0.017 loading class java/lang/Integer
Event: 0.017 loading class java/lang/Integer done
Event: 0.017 loading class java/lang/Long
Event: 0.018 loading class java/lang/Long done
Event: 0.018 loading class java/lang/NullPointerException
Event: 0.018 loading class java/lang/NullPointerException done
Event: 0.018 loading class java/lang/ArithmeticException
Event: 0.018 loading class java/lang/ArithmeticException done


Dynamic libraries:
0x000000013f7d0000 - 0x000000013f807000 	C:\Program Files\Java\jre1.8.0_212\bin\javaw.exe
0x0000000077610000 - 0x00000000777af000 	C:\windows\SYSTEM32\ntdll.dll
0x00000000774f0000 - 0x000000007760f000 	C:\windows\system32\kernel32.dll
0x000007fefd3c0000 - 0x000007fefd427000 	C:\windows\system32\KERNELBASE.dll
0x000007fefe280000 - 0x000007fefe35b000 	C:\windows\system32\ADVAPI32.dll
0x000007fefe180000 - 0x000007fefe21f000 	C:\windows\system32\msvcrt.dll
0x000007fefdd20000 - 0x000007fefdd3f000 	C:\windows\SYSTEM32\sechost.dll
0x000007fefd9f0000 - 0x000007fefdb1c000 	C:\windows\system32\RPCRT4.dll
0x00000000773f0000 - 0x00000000774ea000 	C:\windows\system32\USER32.dll
0x000007fefd980000 - 0x000007fefd9e7000 	C:\windows\system32\GDI32.dll
0x000007fefdd10000 - 0x000007fefdd1e000 	C:\windows\system32\LPK.dll
0x000007fefded0000 - 0x000007fefdf9b000 	C:\windows\system32\USP10.dll
0x000007fefb770000 - 0x000007fefb965000 	C:\windows\WinSxS\amd64_microsoft.windows.common-controls_6595b64144ccf1df_6.0.7601.24483_none_e372d88f30fbb845\COMCTL32.dll
0x000007fefd900000 - 0x000007fefd971000 	C:\windows\system32\SHLWAPI.dll
0x000007fefe150000 - 0x000007fefe17e000 	C:\windows\system32\IMM32.DLL
0x000007fefd520000 - 0x000007fefd62b000 	C:\windows\system32\MSCTF.dll
0x000000006a670000 - 0x000000006a742000 	C:\Program Files\Java\jre1.8.0_212\bin\msvcr100.dll
0x000000006ee00000 - 0x000000006f6a5000 	C:\Program Files\Java\jre1.8.0_212\bin\server\jvm.dll
0x000007fef4c10000 - 0x000007fef4c19000 	C:\windows\system32\WSOCK32.dll
0x000007fefdfa0000 - 0x000007fefdfed000 	C:\windows\system32\WS2_32.dll
0x000007fefdb20000 - 0x000007fefdb28000 	C:\windows\system32\NSI.dll
0x000007fef92c0000 - 0x000007fef92fb000 	C:\windows\system32\WINMM.dll
0x000007fefc240000 - 0x000007fefc24c000 	C:\windows\system32\VERSION.dll
0x00000000777c0000 - 0x00000000777c7000 	C:\windows\system32\PSAPI.DLL
0x000007fee7490000 - 0x000007fee749f000 	C:\Program Files\Java\jre1.8.0_212\bin\verify.dll
0x000007fee7410000 - 0x000007fee7439000 	C:\Program Files\Java\jre1.8.0_212\bin\java.dll
0x000007fee73f0000 - 0x000007fee7406000 	C:\Program Files\Java\jre1.8.0_212\bin\zip.dll

VM Arguments:
jvm_args: -Dfile.encoding=MS949 
java_command: statistics_s.Chart_S
java_class_path (initial): C:\git\Haksa\Haksa_ver2\bin;C:\git\Haksa\Haksa_ver2\lib\ojdbc6.jar;C:\git\Haksa\Haksa_ver2\lib\jcommon-1.0.23.jar;C:\git\Haksa\Haksa_ver2\lib\jfreechart-1.0.19.jar
Launcher Type: SUN_STANDARD

Environment Variables:
JAVA_HOME=C:\Program Files\Java\jdk1.8.0_212;%JAVA_HOME%\bin;
PATH=C:/Program Files/Java/jre1.8.0_212/bin/server;C:/Program Files/Java/jre1.8.0_212/bin;C:/Program Files/Java/jre1.8.0_212/lib/amd64;C:\app\21class-007\product\11.2.0\dbhome_1\bin;C:\Program Files (x86)\Common Files\Oracle\Java\javapath;C:\Program Files (x86)\Intel\iCLS Client\;C:\Program Files\Intel\iCLS Client\;C:\windows\system32;C:\windows;C:\windows\System32\Wbem;C:\windows\System32\WindowsPowerShell\v1.0\;C:\Program Files\Intel\Intel(R) Management Engine Components\DAL;C:\Program Files\Intel\Intel(R) Management Engine Components\IPT;C:\Program Files (x86)\Intel\Intel(R) Management Engine Components\DAL;C:\Program Files (x86)\Intel\Intel(R) Management Engine Components\IPT;C:\Program Files (x86)\Common Files\Oracle\Java\javapath;C:\Program Files (x86)\Intel\iCLS Client\;C:\Program Files\Intel\iCLS Client\;C:\windows\system32;C:\windows;C:\windows\System32\Wbem;C:\windows\System32\WindowsPowerShell\v1.0\;C:\Program Files\Intel\Intel(R) Management Engine Components\DAL;C:\Program Files\Intel\Intel(R) Management Engine Components\IPT;C:\Program Files (x86)\Intel\Intel(R) Management Engine Components\DAL;C:\Program Files (x86)\Intel\Intel(R) Management Engine Components\IPT;C:\Users\21class-007\AppData\Local\Programs\Microsoft VS Code\bin;C:\Users\21class-007\Desktop\eclipse;
USERNAME=21class-007
OS=Windows_NT
PROCESSOR_IDENTIFIER=Intel64 Family 6 Model 60 Stepping 3, GenuineIntel



---------------  S Y S T E M  ---------------

OS: Windows 7 , 64 bit Build 7601 (6.1.7601.24524)

CPU:total 4 (initial active 4) (4 cores per cpu, 1 threads per core) family 6 model 60 stepping 3, cmov, cx8, fxsr, mmx, sse, sse2, sse3, ssse3, sse4.1, sse4.2, popcnt, avx, avx2, aes, clmul, erms, rtm, lzcnt, tsc, tscinvbit, bmi1, bmi2

Memory: 4k page, physical 8307836k(931600k free), swap 33229444k(14448k free)

vm_info: Java HotSpot(TM) 64-Bit Server VM (25.212-b10) for windows-amd64 JRE (1.8.0_212-b10), built on Apr  1 2019 22:50:23 by "java_re" with MS VC++ 10.0 (VS2010)

time: Wed Oct 16 11:36:58 2019
timezone: 대한민국 표준시
elapsed time: 0 seconds (0d 0h 0m 0s)

